0 info it worked if it ends with ok
1 verbose cli [ 'node', '/usr/local/bin/npm', 'install', 'nmap' ]
2 info using npm@1.3.21
3 info using node@v0.10.24
4 verbose readDependencies using package.json deps
5 verbose cache add [ 'nmap', null ]
6 verbose cache add name=undefined spec="nmap" args=["nmap",null]
7 verbose parsed url { protocol: null,
7 verbose parsed url   slashes: null,
7 verbose parsed url   auth: null,
7 verbose parsed url   host: null,
7 verbose parsed url   port: null,
7 verbose parsed url   hostname: null,
7 verbose parsed url   hash: null,
7 verbose parsed url   search: null,
7 verbose parsed url   query: null,
7 verbose parsed url   pathname: 'nmap',
7 verbose parsed url   path: 'nmap',
7 verbose parsed url   href: 'nmap' }
8 silly lockFile e5052304-nmap nmap
9 verbose lock nmap /Users/edwardmiller/.npm/e5052304-nmap.lock
10 silly lockFile e5052304-nmap nmap
11 silly lockFile e5052304-nmap nmap
12 verbose addNamed [ 'nmap', '' ]
13 verbose addNamed [ null, '*' ]
14 silly lockFile 9ced3c2f-nmap nmap@
15 verbose lock nmap@ /Users/edwardmiller/.npm/9ced3c2f-nmap.lock
16 silly addNameRange { name: 'nmap', range: '*', hasData: false }
17 verbose url raw nmap
18 verbose url resolving [ 'http://registry.npm.taobao.org/', './nmap' ]
19 verbose url resolved http://registry.npm.taobao.org/nmap
20 info trying registry request attempt 1 at 17:59:49
21 http GET http://registry.npm.taobao.org/nmap
22 http 404 http://registry.npm.taobao.org/nmap
23 silly registry.get cb [ 404,
23 silly registry.get   { date: 'Sun, 06 Jul 2014 10:00:05 GMT',
23 silly registry.get     'content-type': 'application/json; charset=utf-8',
23 silly registry.get     'content-length': '51',
23 silly registry.get     connection: 'keep-alive',
23 silly registry.get     'x-powered-by': 'koa',
23 silly registry.get     'x-readtime': '1179' } ]
24 silly lockFile 9ced3c2f-nmap nmap@
25 silly lockFile 9ced3c2f-nmap nmap@
26 error 404 'nmap' is not in the npm registry.
26 error 404 You should bug the author to publish it
26 error 404
26 error 404 Note that you can also install from a
26 error 404 tarball, folder, or http url, or git url.
27 error System Darwin 13.2.0
28 error command "node" "/usr/local/bin/npm" "install" "nmap"
29 error cwd /Users/edwardmiller/Desktop/Endadhe
30 error node -v v0.10.24
31 error npm -v 1.3.21
32 error code E404
33 verbose exit [ 1, true ]
